<?xml version="1.0" encoding="UTF-8"?>
<coverage generated="1619322594480" clover="3.2.0">
  <project timestamp="1619322594480" name="All files">
    <metrics statements="26" coveredstatements="23" conditionals="14" coveredconditionals="9" methods="8" coveredmethods="8" elements="48" coveredelements="40" complexity="0" loc="26" ncloc="26" packages="2" files="3" classes="3"/>
    <package name="core.usecases">
      <metrics statements="6" coveredstatements="6" conditionals="0" coveredconditionals="0" methods="4" coveredmethods="4"/>
      <file name="ValidateEmail.ts" path="/home/rafael/projetos/smtp-poc/back-service/code/src/core/usecases/ValidateEmail.ts">
        <metrics statements="3" coveredstatements="3" conditionals="0" coveredconditionals="0" methods="2" coveredmethods="2"/>
        <line num="4" count="1" type="stmt"/>
        <line num="7" count="1" type="stmt"/>
        <line num="11" count="1" type="stmt"/>
      </file>
      <file name="VerifyBouncedEmail.ts" path="/home/rafael/projetos/smtp-poc/back-service/code/src/core/usecases/VerifyBouncedEmail.ts">
        <metrics statements="3" coveredstatements="3" conditionals="0" coveredconditionals="0" methods="2" coveredmethods="2"/>
        <line num="4" count="1" type="stmt"/>
        <line num="7" count="1" type="stmt"/>
        <line num="11" count="1" type="stmt"/>
      </file>
    </package>
    <package name="infra.repository">
      <metrics statements="20" coveredstatements="17" conditionals="14" coveredconditionals="9" methods="4" coveredmethods="4"/>
      <file name="EmailRepositoryImpl.ts" path="/home/rafael/projetos/smtp-poc/back-service/code/src/infra/repository/EmailRepositoryImpl.ts">
        <metrics statements="20" coveredstatements="17" conditionals="14" coveredconditionals="9" methods="4" coveredmethods="4"/>
        <line num="4" count="2" type="stmt"/>
        <line num="6" count="1" type="stmt"/>
        <line num="12" count="1" type="stmt"/>
        <line num="14" count="1" type="stmt"/>
        <line num="15" count="1" type="cond" truecount="1" falsecount="1"/>
        <line num="16" count="1" type="stmt"/>
        <line num="20" count="0" type="stmt"/>
        <line num="24" count="1" type="stmt"/>
        <line num="26" count="1" type="stmt"/>
        <line num="28" count="1" type="stmt"/>
        <line num="29" count="3" type="cond" truecount="2" falsecount="0"/>
        <line num="30" count="1" type="cond" truecount="1" falsecount="1"/>
        <line num="31" count="0" type="stmt"/>
        <line num="36" count="1" type="stmt"/>
        <line num="40" count="1" type="cond" truecount="3" falsecount="1"/>
        <line num="41" count="1" type="stmt"/>
        <line num="42" count="1" type="stmt"/>
        <line num="44" count="1" type="cond" truecount="2" falsecount="2"/>
        <line num="45" count="1" type="stmt"/>
        <line num="48" count="0" type="stmt"/>
      </file>
    </package>
  </project>
</coverage>
