TN:
SF:src/core/usecases/ValidateEmail.ts
FN:6,(anonymous_0)
FN:10,(anonymous_1)
FNF:2
FNH:2
FNDA:1,(anonymous_0)
FNDA:1,(anonymous_1)
DA:4,1
DA:7,1
DA:11,1
LF:3
LH:3
BRF:0
BRH:0
end_of_record
TN:
SF:src/core/usecases/VerifyBouncedEmail.ts
FN:6,(anonymous_0)
FN:10,(anonymous_1)
FNF:2
FNH:2
FNDA:1,(anonymous_0)
FNDA:1,(anonymous_1)
DA:4,1
DA:7,1
DA:11,1
LF:3
LH:3
BRF:0
BRH:0
end_of_record
TN:
SF:src/infra/repository/EmailRepositoryImpl.ts
FN:5,(anonymous_0)
FN:16,(anonymous_1)
FN:23,(anonymous_2)
FN:39,(anonymous_3)
FNF:4
FNH:4
FNDA:1,(anonymous_0)
FNDA:1,(anonymous_1)
FNDA:1,(anonymous_2)
FNDA:1,(anonymous_3)
DA:4,2
DA:6,1
DA:12,1
DA:14,1
DA:15,1
DA:16,1
DA:20,0
DA:24,1
DA:26,1
DA:28,1
DA:29,3
DA:30,1
DA:31,0
DA:36,1
DA:40,1
DA:41,1
DA:42,1
DA:44,1
DA:45,1
DA:48,0
LF:20
LH:17
BRDA:15,0,0,1
BRDA:15,0,1,0
BRDA:29,1,0,1
BRDA:29,1,1,2
BRDA:30,2,0,0
BRDA:30,2,1,1
BRDA:40,3,0,0
BRDA:40,3,1,1
BRDA:40,4,0,1
BRDA:40,4,1,1
BRDA:44,5,0,1
BRDA:44,5,1,0
BRDA:44,6,0,1
BRDA:44,6,1,0
BRF:14
BRH:9
end_of_record
